iMPACT Version: 10.1

iMPACT log file Started on Fri Feb 28 09:51:00 2020

// *** BATCH CMD : setMode -bs
// *** BATCH CMD : setMode -bs
GUI --- Auto connect to cable...
// *** BATCH CMD : setCable -port auto
AutoDetecting cable. Please wait.
PROGRESS_START - Starting Operation.
Connecting to cable (Parallel Port - LPT1).
Checking cable driver.
 Driver windrvr6.sys version = 10.2.1.0.Your driver installation is not complete. Please rerun iMPACT
as an administrator to complete the driver installation.
Service using windrvr6.sys : SYSTEM\CurrentControlSet\Services\WinDriver6.
 ImagePath = system32\drivers\windrvr6.sys.
 Start = 3.
 ErrorControl = 1.
 Type=1.
Cable connection failed.
Connecting to cable (Parallel Port - LPT2).
Checking cable driver.
 Driver windrvr6.sys version = 10.2.1.0.Your driver installation is not complete. Please rerun iMPACT
as an administrator to complete the driver installation.
Service using windrvr6.sys : SYSTEM\CurrentControlSet\Services\WinDriver6.
 ImagePath = system32\drivers\windrvr6.sys.
 Start = 3.
 ErrorControl = 1.
 Type=1.
Cable connection failed.
Connecting to cable (Parallel Port - LPT3).
Checking cable driver.
 Driver windrvr6.sys version = 10.2.1.0.Your driver installation is not complete. Please rerun iMPACT
as an administrator to complete the driver installation.
Service using windrvr6.sys : SYSTEM\CurrentControlSet\Services\WinDriver6.
 ImagePath = system32\drivers\windrvr6.sys.
 Start = 3.
 ErrorControl = 1.
 Type=1.
Cable connection failed.
Connecting to cable (Parallel Port - LPT4).
Checking cable driver.
 Driver windrvr6.sys version = 10.2.1.0.Your driver installation is not complete. Please rerun iMPACT
as an administrator to complete the driver installation.
Service using windrvr6.sys : SYSTEM\CurrentControlSet\Services\WinDriver6.
 ImagePath = system32\drivers\windrvr6.sys.
 Start = 3.
 ErrorControl = 1.
 Type=1.
Cable connection failed.
Connecting to cable (Usb Port - USB21).
Checking cable driver.
 Source driver files not found.
The Platform Cable USB is not detected. Please connect a cable.If a cable isconnected, please disconnect
and reconnect to the usb port, follow the instructions in the 'Found NewHardware Wizard', then retry
the Cable Setup operation.
Cable connection failed.
Connecting to cable (Usb Port - USB22).
Checking cable driver.
 Source driver files not found.
The Platform Cable USB is not detected. Please connect a cable.If a cable isconnected, please disconnect
and reconnect to the usb port, follow the instructions in the 'Found NewHardware Wizard', then retry
the Cable Setup operation.
Cable connection failed.
Connecting to cable (Usb Port - USB23).
Checking cable driver.
 Source driver files not found.
The Platform Cable USB is not detected. Please connect a cable.If a cable isconnected, please disconnect
and reconnect to the usb port, follow the instructions in the 'Found NewHardware Wizard', then retry
the Cable Setup operation.
Cable connection failed.
Connecting to cable (Usb Port - USB24).
Checking cable driver.
 Source driver files not found.
The Platform Cable USB is not detected. Please connect a cable.If a cable isconnected, please disconnect
and reconnect to the usb port, follow the instructions in the 'Found NewHardware Wizard', then retry
the Cable Setup operation.
Cable connection failed.
PROGRESS_END - End Operation.
Elapsed time =      2 sec.
Cable autodetection failed.
WARNING:iMPACT:923 - Can not find cable, check cable setup !// *** BATCH CMD : setMode -bs
 Count ReleaseSemaphore rc = 298.
Recustomizing IP...
10.1 - Xilinx CORE Generator IP GUI Launcher K.31 (nt)
Copyright (c) 1995-2008 Xilinx, Inc.  All rights reserved.
Finished Recustomizing.
Regenerating IP...
WARNING:sim:217 - The chosen IP does not support a Verilog behavioral model,   generating a Verilog structural model instead.WARNING:sim:89 - A core named <DDS_10> already exists in the output directory.   Output products for this core may be overwritten.
Generating Implementation files.
Generating NGC file.
Generating Verilog structural model.
Finished Regenerating.
Successfully generated DDS_10.
Recustomizing IP...
10.1 - Xilinx CORE Generator IP GUI Launcher K.31 (nt)
Copyright (c) 1995-2008 Xilinx, Inc.  All rights reserved.
Finished Recustomizing.
Regenerating IP...
WARNING:sim:217 - The chosen IP does not support a Verilog behavioral model,   generating a Verilog structural model instead.WARNING:sim:89 - A core named <DDS_10> already exists in the output directory.   Output products for this core may be overwritten.
Generating Implementation files.
Generating NGC file.
Generating Verilog structural model.
Finished Regenerating.
Successfully generated DDS_10.
